{"timestamp":"2025-08-30T18:16:11.446Z","level":"WARN","message":"404 Not Found","correlationId":"c5559e10-b7f5-4c70-bff4-4263a3dcee7a","service":"reimagined-app","version":"1.0.0","environment":"development","url":"/.well-known/appspecific/com.chrome.devtools.json"}
{"timestamp":"2025-08-30T18:16:12.910Z","level":"WARN","message":"404 Not Found","correlationId":"c363cbb8-1149-46e8-9d19-acfa218b41ba","service":"reimagined-app","version":"1.0.0","environment":"development","url":"/.well-known/appspecific/com.chrome.devtools.json"}
{"timestamp":"2025-08-30T18:16:13.618Z","level":"WARN","message":"404 Not Found","correlationId":"55d1ca12-bbaa-436d-8568-8d676a1a45a2","service":"reimagined-app","version":"1.0.0","environment":"development","url":"/.well-known/appspecific/com.chrome.devtools.json"}
{"timestamp":"2025-08-30T19:11:47.696Z","level":"WARN","message":"404 Not Found","correlationId":"58f4ae0f-dfe1-4fb2-9b38-d36eac873230","service":"reimagined-app","version":"1.0.0","environment":"development","url":"/.well-known/appspecific/com.chrome.devtools.json"}
{"timestamp":"2025-08-30T20:25:27.914Z","level":"WARN","message":"404 Not Found","correlationId":"0eea9b63-edcd-4f9b-a345-0d2537cea840","service":"reimagined-app","version":"1.0.0","environment":"development","url":"/admin/pinecone"}
{"timestamp":"2025-08-30T20:25:32.051Z","level":"WARN","message":"404 Not Found","correlationId":"ff7fa686-acd4-4e9c-acac-1b62bf97b62c","service":"reimagined-app","version":"1.0.0","environment":"development","url":"/admin/pinecone"}
{"timestamp":"2025-08-30T20:26:02.191Z","level":"WARN","message":"404 Not Found","correlationId":"d0f02194-536d-4993-899a-fabe6a0813da","service":"reimagined-app","version":"1.0.0","environment":"development","url":"/admin/pinecone"}
{"timestamp":"2025-08-30T20:26:10.695Z","level":"WARN","message":"404 Not Found","correlationId":"d1815f9f-a126-4903-a498-5eb7e6c1abdd","service":"reimagined-app","version":"1.0.0","environment":"development","url":"/admin/pinecone"}
{"timestamp":"2025-08-31T10:53:07.136Z","level":"WARN","message":"404 Not Found","correlationId":"146db8cd-d5e5-4152-850a-b9c581e09678","service":"reimagined-app","version":"1.0.0","environment":"development","url":"/chat/enhanced/list?limit=3"}
{"timestamp":"2025-08-31T10:54:10.919Z","level":"WARN","message":"404 Not Found","correlationId":"e182ff22-8fc7-47cd-b62b-2752b453c6fc","service":"reimagined-app","version":"1.0.0","environment":"development","url":"/admin/logs?limit=10"}
{"timestamp":"2025-08-31T10:54:15.914Z","level":"WARN","message":"404 Not Found","correlationId":"88eb5e95-0850-4b77-a928-b4c4eb5ba4e7","service":"reimagined-app","version":"1.0.0","environment":"development","url":"/admin/logs?limit=20"}
{"timestamp":"2025-08-31T10:54:20.756Z","level":"WARN","message":"404 Not Found","correlationId":"13880df5-8620-4dbf-8126-0b752a79e7c5","service":"reimagined-app","version":"1.0.0","environment":"development","url":"/admin/logs?limit=5"}
{"timestamp":"2025-08-31T10:55:28.847Z","level":"WARN","message":"Pinecone search failed","correlationId":"7427e092-3550-46b0-a67a-8a95da9d57dc","service":"reimagined-app","version":"1.0.0","environment":"development","error":"fetch failed","query":"tell me about my watermaker"}
{"timestamp":"2025-08-31T10:56:47.625Z","level":"WARN","message":"Pinecone search failed","correlationId":"ce4a41d7-8220-4f16-9848-a7f530f701dd","service":"reimagined-app","version":"1.0.0","environment":"development","error":"fetch failed","query":"tell me about my watermaker"}
{"timestamp":"2025-08-31T10:57:59.976Z","level":"WARN","message":"Pinecone search failed","correlationId":"c9e22363-bad8-463c-96bb-9bcdb2d8c33c","service":"reimagined-app","version":"1.0.0","environment":"development","error":"fetch failed","query":"tell me about my watermaker"}
{"timestamp":"2025-08-31T10:58:07.434Z","level":"WARN","message":"Pinecone search failed","correlationId":"e1017393-7c22-49b7-b104-fbb7a59cd46e","service":"reimagined-app","version":"1.0.0","environment":"development","error":"fetch failed","query":"tell me about my watermaker"}
{"timestamp":"2025-08-31T11:01:54.652Z","level":"WARN","message":"404 Not Found","correlationId":"f7bbf02c-4df6-4bec-abc2-b750f8f77a97","service":"reimagined-app","version":"1.0.0","environment":"development","url":"/.well-known/appspecific/com.chrome.devtools.json"}
{"timestamp":"2025-08-31T11:20:40.250Z","level":"WARN","message":"404 Not Found","correlationId":"1d403fbe-3824-4588-98c1-e2408e08432d","service":"reimagined-app","version":"1.0.0","environment":"development","url":"/systems/search"}
{"timestamp":"2025-08-31T11:24:11.503Z","level":"WARN","message":"Pinecone search failed","correlationId":"c1f49565-72d2-4e3d-87be-00ff746e83f2","service":"reimagined-app","version":"1.0.0","environment":"development","error":"fetch failed","query":"\"Technical documentation for watermaker system\""}
{"timestamp":"2025-08-31T11:24:19.928Z","level":"WARN","message":"Pinecone search failed","correlationId":"46ef6425-86ec-402f-8a3b-ca6c8fbb12d7","service":"reimagined-app","version":"1.0.0","environment":"development","error":"fetch failed","query":"\"Provide information about the specific model and functionality of my watermaker\""}
{"timestamp":"2025-08-31T11:26:13.375Z","level":"WARN","message":"Pinecone search failed","correlationId":"548838f5-731c-4d28-9dce-9b6b2df85da5","service":"reimagined-app","version":"1.0.0","environment":"development","error":"fetch failed","query":"\"Provide information about the specific model and functionality of my watermaker\""}
{"timestamp":"2025-08-31T11:37:52.432Z","level":"WARN","message":"404 Not Found","correlationId":"471648b5-b1f6-42b3-bba0-9963254d790d","service":"reimagined-app","version":"1.0.0","environment":"development","url":"/systems?limit=1"}
{"timestamp":"2025-08-31T11:50:44.854Z","level":"WARN","message":"Pinecone search failed","correlationId":"3594e940-cf9a-4871-acc0-d369fe9bd3e6","service":"reimagined-app","version":"1.0.0","environment":"development","error":"fetch failed","query":"watermaker"}
{"timestamp":"2025-08-31T11:52:47.495Z","level":"WARN","message":"Pinecone search failed","correlationId":"6aedbe0f-61d2-4703-82e5-22c3c15539bf","service":"reimagined-app","version":"1.0.0","environment":"development","error":"fetch failed","query":"tell me about my BBQ"}
{"timestamp":"2025-08-31T11:57:00.651Z","level":"WARN","message":"Pinecone search failed","correlationId":"03e2c53e-fc17-4d36-b573-838034a4f045","service":"reimagined-app","version":"1.0.0","environment":"development","error":"fetch failed","query":"Since there is no relevant system context provided, the query cannot be enhanced."}
{"timestamp":"2025-08-31T11:57:08.176Z","level":"WARN","message":"Pinecone search failed","correlationId":"b86b83ec-d45c-49b3-9e7f-dff080811150","service":"reimagined-app","version":"1.0.0","environment":"development","error":"fetch failed","query":"\"Technical specifications and user manual for grill\""}
{"timestamp":"2025-08-31T11:57:15.350Z","level":"WARN","message":"Pinecone search failed","correlationId":"4b50eb5f-ca10-4f43-ae9d-548622fd0bfa","service":"reimagined-app","version":"1.0.0","environment":"development","error":"fetch failed","query":"\"Technical specifications and functionality of watermaker systems\""}
{"timestamp":"2025-08-31T12:02:38.089Z","level":"WARN","message":"404 Not Found","correlationId":"59b99a10-7f07-4552-bb83-f3c13300b891","service":"reimagined-app","version":"1.0.0","environment":"development","url":"/enhanced-chat"}
{"timestamp":"2025-08-31T12:03:28.156Z","level":"WARN","message":"Pinecone search failed","correlationId":"3375692b-324a-4bfe-86e2-6d71be10976d","service":"reimagined-app","version":"1.0.0","environment":"development","error":"fetch failed","query":"\"Technical specifications and operation manual for watermaker\""}
{"timestamp":"2025-08-31T12:09:02.380Z","level":"WARN","message":"Pinecone search failed","correlationId":"af46b780-b418-472c-afec-f1af1ec5d344","service":"reimagined-app","version":"1.0.0","environment":"development","error":"fetch failed","query":"\"Watermaker technical specifications and operating instructions\""}
{"timestamp":"2025-08-31T12:20:04.264Z","level":"WARN","message":"Pinecone search failed","correlationId":"92f8b472-73d1-4d2a-b91f-c52f8a522c41","service":"reimagined-app","version":"1.0.0","environment":"development","error":"fetch failed","query":"As there is no relevant systems context provided, the query cannot be enhanced."}
{"timestamp":"2025-08-31T12:30:14.865Z","level":"WARN","message":"Pinecone search failed","correlationId":"08c04971-5073-4d95-ba86-5482bcc47c97","service":"reimagined-app","version":"1.0.0","environment":"development","error":"fetch failed","query":"As there is no relevant system context provided, the query cannot be enhanced."}
{"timestamp":"2025-08-31T12:34:25.167Z","level":"WARN","message":"Pinecone search failed","correlationId":"334038c5-7262-4bb2-bea1-b2691a74c6a6","service":"reimagined-app","version":"1.0.0","environment":"development","error":"fetch failed","query":"Since there is no relevant system context provided, the query cannot be enhanced."}
{"timestamp":"2025-08-31T12:41:17.576Z","level":"WARN","message":"Pinecone search failed","correlationId":"f239ae3c-24b1-4c5e-8d53-29e4ceb27d96","service":"reimagined-app","version":"1.0.0","environment":"development","error":"fetch failed","query":"Since there is no relevant systems context provided, the query cannot be enhanced. The user query re"}
{"timestamp":"2025-08-31T12:42:39.975Z","level":"WARN","message":"Pinecone search failed","correlationId":"6eb84a0a-fc9f-4622-91ea-10fc9366985c","service":"reimagined-app","version":"1.0.0","environment":"development","error":"fetch failed","query":"Since the system context is undefined, I can't enhance the query. Please provide more specific detai"}
{"timestamp":"2025-08-31T12:42:45.899Z","level":"WARN","message":"Pinecone search failed","correlationId":"ec2b2fbf-113e-4ee6-9253-cc818a35ced2","service":"reimagined-app","version":"1.0.0","environment":"development","error":"fetch failed","query":"Since there is no relevant systems context provided, the user query cannot be enhanced."}
{"timestamp":"2025-08-31T12:42:55.062Z","level":"WARN","message":"Pinecone search failed","correlationId":"8cca55e6-52a4-47ba-bf23-d1d23da86cc7","service":"reimagined-app","version":"1.0.0","environment":"development","error":"fetch failed","query":"Since there is no relevant system context provided, the user query cannot be enhanced."}
{"timestamp":"2025-08-31T12:43:37.663Z","level":"WARN","message":"Pinecone search failed","correlationId":"e0511431-8a23-4b74-831c-017a382890ab","service":"reimagined-app","version":"1.0.0","environment":"development","error":"fetch failed","query":"\"Provide information about my Kenyon VDC Built-in Grill model B70760\""}
{"timestamp":"2025-08-31T12:53:17.064Z","level":"WARN","message":"404 Not Found","correlationId":"582d083f-2b54-4bc5-b094-4ff0cc5ec175","service":"reimagined-app","version":"1.0.0","environment":"development","url":"/favicon.ico"}
{"timestamp":"2025-08-31T12:54:19.619Z","level":"WARN","message":"404 Not Found","correlationId":"d08c259b-cc39-4f2a-816c-74a30c0008e5","service":"reimagined-app","version":"1.0.0","environment":"development","url":"/favicon.ico"}
{"timestamp":"2025-08-31T12:57:34.815Z","level":"WARN","message":"404 Not Found","correlationId":"721a011c-7e01-469e-9453-7ef12e7582dd","service":"reimagined-app","version":"1.0.0","environment":"development","url":"/.well-known/appspecific/com.chrome.devtools.json"}
{"timestamp":"2025-08-31T12:58:43.655Z","level":"WARN","message":"404 Not Found","correlationId":"6a86b85f-127d-4ee9-ae8f-46cfc4a09610","service":"reimagined-app","version":"1.0.0","environment":"development","url":"/.well-known/appspecific/com.chrome.devtools.json"}
{"timestamp":"2025-08-31T13:06:18.100Z","level":"WARN","message":"404 Not Found","correlationId":"db68fa31-5212-42a0-bb07-d49c6f87bea0","service":"reimagined-app","version":"1.0.0","environment":"development","url":"/.well-known/appspecific/com.chrome.devtools.json"}
{"timestamp":"2025-08-31T13:06:18.165Z","level":"WARN","message":"404 Not Found","correlationId":"b2e0e71c-19a1-487b-a23b-88ffd3090e8c","service":"reimagined-app","version":"1.0.0","environment":"development","url":"/favicon.ico"}
{"timestamp":"2025-08-31T13:06:32.716Z","level":"WARN","message":"Pinecone search failed","correlationId":"ad85a422-b433-494c-8bab-dbd7a1e173b1","service":"reimagined-app","version":"1.0.0","environment":"development","error":"fetch failed","query":"tell me about the watermaker"}
{"timestamp":"2025-08-31T13:08:18.143Z","level":"WARN","message":"Pinecone search failed","correlationId":"3d4dd24e-3aa8-4d64-af8a-86b2d108159e","service":"reimagined-app","version":"1.0.0","environment":"development","error":"fetch failed","query":"tell me about the watermaker"}
{"timestamp":"2025-08-31T13:13:12.408Z","level":"WARN","message":"Pinecone search failed","correlationId":"6ee4645a-3155-4c15-ae9f-b4ef5ada0e70","service":"reimagined-app","version":"1.0.0","environment":"development","error":"fetch failed","query":"\"Provide information about my Schenker Zen 150 Watermaker 48V\""}
{"timestamp":"2025-08-31T13:13:58.208Z","level":"WARN","message":"Pinecone search failed","correlationId":"3e435e8c-2082-434d-852a-d3cb3d6665bf","service":"reimagined-app","version":"1.0.0","environment":"development","error":"fetch failed","query":"\"Provide information about my Kenyon VDC Built-In Grill B70760 BBQ\""}
{"timestamp":"2025-08-31T13:16:58.009Z","level":"WARN","message":"Pinecone search failed","correlationId":"6bb4efca-4986-4ec1-80b3-a41efbdbd61b","service":"reimagined-app","version":"1.0.0","environment":"development","error":"fetch failed","query":"\"Provide information about my Kenyon VDC Built-in Grill B70760 BBQ\""}
{"timestamp":"2025-08-31T13:17:37.936Z","level":"WARN","message":"404 Not Found","correlationId":"0341a7fc-6797-4444-a8e2-76fc20a82acb","service":"reimagined-app","version":"1.0.0","environment":"development","url":"/.well-known/appspecific/com.chrome.devtools.json"}
{"timestamp":"2025-08-31T13:17:47.861Z","level":"WARN","message":"Pinecone search failed","correlationId":"2e767764-9306-493b-92e5-0e69a242ab3b","service":"reimagined-app","version":"1.0.0","environment":"development","error":"fetch failed","query":"tell me about the bbq"}
{"timestamp":"2025-08-31T13:20:51.717Z","level":"WARN","message":"Pinecone search failed","correlationId":"85e21c9a-3ee1-4741-b70c-e1626685d736","service":"reimagined-app","version":"1.0.0","environment":"development","error":"fetch failed","query":"\"Provide information about my Kenyon VDC Built-In Grill B70760 BBQ\""}
{"timestamp":"2025-08-31T13:23:53.320Z","level":"WARN","message":"404 Not Found","correlationId":"ec6d5434-f630-43a6-9c3c-87e675001689","service":"reimagined-app","version":"1.0.0","environment":"development","url":"/.well-known/appspecific/com.chrome.devtools.json"}
{"timestamp":"2025-08-31T13:23:53.383Z","level":"WARN","message":"404 Not Found","correlationId":"b985ecf1-80af-4b9e-b548-8b9db357f1a7","service":"reimagined-app","version":"1.0.0","environment":"development","url":"/favicon.ico"}
{"timestamp":"2025-08-31T13:24:04.955Z","level":"WARN","message":"Pinecone search failed","correlationId":"ad550181-92f4-46d0-bded-dec0ae5e3b45","service":"reimagined-app","version":"1.0.0","environment":"development","error":"fetch failed","query":"\"Provide information on my GPS_500_GPS_ANTENNA_FOR_NAIS_500_AIS_TRANSCEIVER, ZG100_GPS_DOME, and nav"}
{"timestamp":"2025-08-31T13:32:22.434Z","level":"WARN","message":"Pinecone search failed","correlationId":"7e7ef858-11ac-4bfd-826f-4392401ebd6c","service":"reimagined-app","version":"1.0.0","environment":"development","error":"fetch failed","query":"tell me about flexitek"}
{"timestamp":"2025-08-31T13:33:08.597Z","level":"WARN","message":"Pinecone search failed","correlationId":"bc127ff2-300c-435d-8bf4-982f403c5aca","service":"reimagined-app","version":"1.0.0","environment":"development","error":"fetch failed","query":"tell me about flexiteek"}
{"timestamp":"2025-08-31T13:34:29.418Z","level":"WARN","message":"Pinecone search failed","correlationId":"59105f48-88ee-4134-a2ae-1eb08603c77d","service":"reimagined-app","version":"1.0.0","environment":"development","error":"fetch failed","query":"tell me about FLEXITEEK"}
{"timestamp":"2025-08-31T14:41:38.646Z","level":"WARN","message":"Pinecone search failed","correlationId":"73b1bb8e-ba86-4ead-9253-e4c68cd148f8","service":"reimagined-app","version":"1.0.0","environment":"development","error":"fetch failed","query":"\"Provide information about my Schenker Zen 150 Watermaker 48V\""}
{"timestamp":"2025-08-31T14:45:35.885Z","level":"WARN","message":"404 Not Found","correlationId":"ee437617-0d2d-4c67-9140-df3235a018cf","service":"reimagined-app","version":"1.0.0","environment":"development","url":"/admin.html"}
{"timestamp":"2025-08-31T15:08:10.335Z","level":"WARN","message":"Python sidecar health check failed","correlationId":"849d50d4-ab06-4ae5-b9b8-d06a7240f6f0","service":"reimagined-app","version":"1.0.0","environment":"development","sidecarUrl":"http://python-sidecar:8000","attempt":1,"error":"fetch failed"}
{"timestamp":"2025-08-31T15:08:13.352Z","level":"WARN","message":"Python sidecar health check failed","correlationId":"d4554030-e16a-45ea-af9e-462108d3837a","service":"reimagined-app","version":"1.0.0","environment":"development","sidecarUrl":"http://python-sidecar:8000","attempt":2,"error":"fetch failed"}
{"timestamp":"2025-08-31T15:08:16.360Z","level":"WARN","message":"Python sidecar health check failed","correlationId":"691e6cc0-fcb4-4c41-ac0b-d0de9c4a7c9b","service":"reimagined-app","version":"1.0.0","environment":"development","sidecarUrl":"http://python-sidecar:8000","attempt":3,"error":"fetch failed"}
{"timestamp":"2025-08-31T15:08:19.368Z","level":"WARN","message":"Python sidecar health check failed","correlationId":"818716f9-2cfc-450a-9dc6-291e0610e4f3","service":"reimagined-app","version":"1.0.0","environment":"development","sidecarUrl":"http://python-sidecar:8000","attempt":4,"error":"fetch failed"}
{"timestamp":"2025-08-31T15:08:22.378Z","level":"WARN","message":"Python sidecar health check failed","correlationId":"b5bf6b81-f5b6-4ca6-8ebc-ec6f3bd3737d","service":"reimagined-app","version":"1.0.0","environment":"development","sidecarUrl":"http://python-sidecar:8000","attempt":5,"error":"fetch failed"}
{"timestamp":"2025-08-31T15:08:25.386Z","level":"WARN","message":"Python sidecar health check failed","correlationId":"1b01e0a2-ea1e-4f97-a03a-47dd150ff7d3","service":"reimagined-app","version":"1.0.0","environment":"development","sidecarUrl":"http://python-sidecar:8000","attempt":6,"error":"fetch failed"}
{"timestamp":"2025-08-31T15:08:28.395Z","level":"WARN","message":"Python sidecar health check failed","correlationId":"a6d65e30-3e51-457f-a4ed-6f7fb357a6a8","service":"reimagined-app","version":"1.0.0","environment":"development","sidecarUrl":"http://python-sidecar:8000","attempt":7,"error":"fetch failed"}
{"timestamp":"2025-08-31T15:08:31.404Z","level":"WARN","message":"Python sidecar health check failed","correlationId":"8f33b091-68af-414e-a947-c2810a1c83ad","service":"reimagined-app","version":"1.0.0","environment":"development","sidecarUrl":"http://python-sidecar:8000","attempt":8,"error":"fetch failed"}
{"timestamp":"2025-08-31T15:08:34.413Z","level":"WARN","message":"Python sidecar health check failed","correlationId":"9a6bb78a-ae53-4ae6-bd6a-f07a9d4fe775","service":"reimagined-app","version":"1.0.0","environment":"development","sidecarUrl":"http://python-sidecar:8000","attempt":9,"error":"fetch failed"}
{"timestamp":"2025-08-31T15:08:37.421Z","level":"WARN","message":"Python sidecar health check failed","correlationId":"1fccf53d-b5bf-49ee-9c5d-5c8fb970bb28","service":"reimagined-app","version":"1.0.0","environment":"development","sidecarUrl":"http://python-sidecar:8000","attempt":10,"error":"fetch failed"}
{"timestamp":"2025-08-31T15:08:37.426Z","level":"WARN","message":"Starting server without healthy sidecar - some features may not work","correlationId":"691039c5-edd0-43bb-b433-fd53b47e61ea","service":"reimagined-app","version":"1.0.0","environment":"development"}
{"timestamp":"2025-08-31T15:08:53.540Z","level":"WARN","message":"404 Not Found","correlationId":"abb83be3-6bd3-408b-a82e-b154aff8d821","service":"reimagined-app","version":"1.0.0","environment":"development","url":"/chat/list?limit=10"}
{"timestamp":"2025-08-31T15:08:53.559Z","level":"WARN","message":"404 Not Found","correlationId":"f5d78f55-5f70-46c3-b63e-fa1c08fd175b","service":"reimagined-app","version":"1.0.0","environment":"development","url":"/chat/list?limit=1"}
{"timestamp":"2025-08-31T15:20:30.648Z","level":"WARN","message":"404 Not Found","correlationId":"1953ea52-3de8-4c86-9545-c75693cc67c1","service":"reimagined-app","version":"1.0.0","environment":"development","url":"/favicon.ico"}
{"timestamp":"2025-08-31T15:20:32.367Z","level":"WARN","message":"404 Not Found","correlationId":"1dd41f3e-c9b7-4001-b70e-b518a64279b9","service":"reimagined-app","version":"1.0.0","environment":"development","url":"/favicon.ico"}
{"timestamp":"2025-08-31T16:22:46.914Z","level":"WARN","message":"Python sidecar health check failed","correlationId":"5d650bcb-58e9-4fc2-8e1c-016ddb52c9a1","service":"reimagined-app","version":"1.0.0","environment":"development","sidecarUrl":"http://python-sidecar:8000","attempt":1,"error":"fetch failed"}
{"timestamp":"2025-08-31T16:22:49.942Z","level":"WARN","message":"Python sidecar health check failed","correlationId":"b9fe8a0c-a85f-4700-8bff-e4925884a0ac","service":"reimagined-app","version":"1.0.0","environment":"development","sidecarUrl":"http://python-sidecar:8000","attempt":2,"error":"fetch failed"}
{"timestamp":"2025-08-31T16:22:52.952Z","level":"WARN","message":"Python sidecar health check failed","correlationId":"8800808d-6074-4ca6-80b7-f4b039854d30","service":"reimagined-app","version":"1.0.0","environment":"development","sidecarUrl":"http://python-sidecar:8000","attempt":3,"error":"fetch failed"}
{"timestamp":"2025-08-31T16:22:55.961Z","level":"WARN","message":"Python sidecar health check failed","correlationId":"80d9cb5e-2ad8-41e1-8811-52b88b2aba25","service":"reimagined-app","version":"1.0.0","environment":"development","sidecarUrl":"http://python-sidecar:8000","attempt":4,"error":"fetch failed"}
{"timestamp":"2025-08-31T16:22:58.970Z","level":"WARN","message":"Python sidecar health check failed","correlationId":"c2fba105-d2db-42d4-b9f6-7e5a08e0b0ef","service":"reimagined-app","version":"1.0.0","environment":"development","sidecarUrl":"http://python-sidecar:8000","attempt":5,"error":"fetch failed"}
{"timestamp":"2025-08-31T16:23:01.980Z","level":"WARN","message":"Python sidecar health check failed","correlationId":"c3f1dee5-09ea-49b9-bbff-8690f1984776","service":"reimagined-app","version":"1.0.0","environment":"development","sidecarUrl":"http://python-sidecar:8000","attempt":6,"error":"fetch failed"}
{"timestamp":"2025-08-31T16:23:04.987Z","level":"WARN","message":"Python sidecar health check failed","correlationId":"027636b8-5f47-4047-bf26-1a3b1771a441","service":"reimagined-app","version":"1.0.0","environment":"development","sidecarUrl":"http://python-sidecar:8000","attempt":7,"error":"fetch failed"}
{"timestamp":"2025-08-31T16:23:07.994Z","level":"WARN","message":"Python sidecar health check failed","correlationId":"5cdb18e7-83ec-4d2a-a73e-5430bad78505","service":"reimagined-app","version":"1.0.0","environment":"development","sidecarUrl":"http://python-sidecar:8000","attempt":8,"error":"fetch failed"}
{"timestamp":"2025-08-31T16:23:11.001Z","level":"WARN","message":"Python sidecar health check failed","correlationId":"c55f50f2-07cd-4d38-8242-11995fafac06","service":"reimagined-app","version":"1.0.0","environment":"development","sidecarUrl":"http://python-sidecar:8000","attempt":9,"error":"fetch failed"}
{"timestamp":"2025-08-31T16:23:14.012Z","level":"WARN","message":"Python sidecar health check failed","correlationId":"02ad09d7-1852-46af-b14f-c51abdf1d919","service":"reimagined-app","version":"1.0.0","environment":"development","sidecarUrl":"http://python-sidecar:8000","attempt":10,"error":"fetch failed"}
{"timestamp":"2025-08-31T16:23:14.019Z","level":"WARN","message":"Starting server without healthy sidecar - some features may not work","correlationId":"c39ae38a-e333-4563-932f-99d1783fca58","service":"reimagined-app","version":"1.0.0","environment":"development"}
